<?xml version='1.0'?>
<ns2:test-suite xmlns:ns2='urn:model.allure.qatools.yandex.ru' start='1666261320046' stop='1666261337864'>
    <name>product</name>
    <title>product</title>
    <test-cases>
        <test-case start='1666261320047' status='passed' stop='1666261324383'>
            <name>login</name>
            <title>login</title>
            <labels>
                <label name='language' value='javascript'/>
                <label name='framework' value='wdio'/>
                <label name='thread' value='0-3'/>
            </labels>
            <parameters>
                <parameter kind='argument' name='browser' value='chrome-106.0.5249.119'/>
            </parameters>
            <steps/>
            <attachments/>
        </test-case>
        <test-case start='1666261324384' status='passed' stop='1666261326701'>
            <name>click on products</name>
            <title>click on products</title>
            <labels>
                <label name='language' value='javascript'/>
                <label name='framework' value='wdio'/>
                <label name='thread' value='0-3'/>
            </labels>
            <parameters>
                <parameter kind='argument' name='browser' value='chrome-106.0.5249.119'/>
            </parameters>
            <steps/>
            <attachments/>
        </test-case>
        <test-case start='1666261326701' status='failed' stop='1666261337751'>
            <name>find dupicates</name>
            <title>find dupicates</title>
            <labels>
                <label name='language' value='javascript'/>
                <label name='framework' value='wdio'/>
                <label name='thread' value='0-3'/>
            </labels>
            <parameters>
                <parameter kind='argument' name='browser' value='chrome-106.0.5249.119'/>
            </parameters>
            <steps/>
            <attachments>
                <attachment title='Screenshot' source='3b39750d-7f64-4f9c-a6f5-8cfcde521cf2-attachment.png' type='image/png' size='89505'/>
            </attachments>
            <failure>
                <message>Expect $(`//span[text()="Merging Criteria Selection"]`) to be displayed
                
                Expected: "displayed"
                Received: "not displayed"</message>
                <stack-trace>Error: Expect $(`//span[text()="Merging Criteria Selection"]`) to be displayed
                
                Expected: "displayed"
                Received: "not displayed"
                    at Context.&lt;anonymous> (C:\Users\srinivas nagaraju\Desktop\webdriverio\test\specs\deleteduplicates.js:39:27)
                    at process.processTicksAndRejections (node:internal/process/task_queues:95:5)</stack-trace>
            </failure>
        </test-case>
        <test-case start='1666261337751' status='broken' stop='1666261337864'>
            <name>select and delete</name>
            <title>select and delete</title>
            <labels>
                <label name='language' value='javascript'/>
                <label name='framework' value='wdio'/>
                <label name='thread' value='0-3'/>
            </labels>
            <parameters>
                <parameter kind='argument' name='browser' value='chrome-106.0.5249.119'/>
            </parameters>
            <steps/>
            <attachments>
                <attachment title='Screenshot' source='52e28bb6-9213-42f8-a7cf-0cbe70f52adb-attachment.png' type='image/png' size='89505'/>
            </attachments>
            <failure>
                <message>Cannot read properties of undefined (reading 'click')</message>
                <stack-trace>TypeError: Cannot read properties of undefined (reading 'click')
                    at duplicatesProductPage.select (C:\Users\srinivas nagaraju\Desktop\webdriverio\test\pageobjects\duplicates_products_page.js:9:33)
                    at Context.&lt;anonymous> (C:\Users\srinivas nagaraju\Desktop\webdriverio\test\specs\deleteduplicates.js:56:31)
                    at Context.executeAsync (C:\Users\srinivas nagaraju\Desktop\webdriverio\node_modules\@wdio\utils\build\shim.js:333:27)
                    at Context.testFrameworkFnWrapper (C:\Users\srinivas nagaraju\Desktop\webdriverio\node_modules\@wdio\utils\build\test-framework\testFnWrapper.js:51:32)</stack-trace>
            </failure>
        </test-case>
    </test-cases>
</ns2:test-suite>