<?xml version='1.0'?>
<ns2:test-suite xmlns:ns2='urn:model.allure.qatools.yandex.ru' start='1666261104338' stop='1666261107299'>
    <name>My Login application</name>
    <title>My Login application</title>
    <test-cases>
        <test-case start='1666261104338' status='broken' stop='1666261107298'>
            <name>should login with valid credentials</name>
            <title>should login with valid credentials</title>
            <labels>
                <label name='language' value='javascript'/>
                <label name='framework' value='wdio'/>
                <label name='thread' value='0-4'/>
            </labels>
            <parameters>
                <parameter kind='argument' name='browser' value='chrome-106.0.5249.119'/>
            </parameters>
            <steps/>
            <attachments>
                <attachment title='Screenshot' source='77df68e8-0daa-4b8d-9b8a-d5f08aa1b48a-attachment.png' type='image/png' size='22944'/>
            </attachments>
            <failure>
                <message>unknown error: net::ERR_TUNNEL_CONNECTION_FAILED
                  (Session info: chrome=106.0.5249.119)</message>
                <stack-trace>unknown error: unknown error: net::ERR_TUNNEL_CONNECTION_FAILED
                  (Session info: chrome=106.0.5249.119)
                    at getErrorFromResponseBody (C:\Users\srinivas nagaraju\Desktop\webdriverio\node_modules\webdriver\build\utils.js:198:12)
                    at NodeJSRequest._request (C:\Users\srinivas nagaraju\Desktop\webdriverio\node_modules\webdriver\build\request\index.js:166:60)
                    at process.processTicksAndRejections (node:internal/process/task_queues:95:5)
                    at async Browser.wrapCommandFn (C:\Users\srinivas nagaraju\Desktop\webdriverio\node_modules\@wdio\utils\build\shim.js:137:29)
                    at async Browser.wrapCommandFn (C:\Users\srinivas nagaraju\Desktop\webdriverio\node_modules\@wdio\utils\build\shim.js:137:29)
                    at async Context.&lt;anonymous> (C:\Users\srinivas nagaraju\Desktop\webdriverio\test\specs\example.e2e.js:6:9)</stack-trace>
            </failure>
        </test-case>
    </test-cases>
</ns2:test-suite>